# JRE version: OpenJDK Runtime Environment (17.0.8+7) (build 17.0.8+7-Debian-1deb12u1)
# Java VM: OpenJDK 64-Bit Server VM (17.0.8+7-Debian-1deb12u1, mixed mode, sharing, tiered, compressed oops, compressed class ptrs, g1 gc, linux-amd64)
GC Precious Log:
 CPUs: 8 total, 8 available
 Memory: 7873M
 Large Page Support: Disabled
 NUMA Support: Disabled
 Compressed Oops: Enabled (32-bit)
 Heap Region Size: 1M
 Heap Min Capacity: 8M
 Heap Initial Capacity: 124M
 Heap Max Capacity: 1970M
 Pre-touch: Disabled
 Parallel Workers: 8
 Concurrent Workers: 2
 Concurrent Refinement Workers: 8
 Periodic GC: Disabled
Heap:
 garbage-first heap   total 116736K, used 66440K [0x0000000084e00000, 0x0000000100000000)
  region size 1024K, 33 young (33792K), 0 survivors (0K)
 Metaspace       used 86968K, committed 88320K, reserved 1179648K
  class space    used 11045K, committed 11712K, reserved 1048576K
GC Heap History (20 events):
Event: 1221.985 GC heap before
{Heap before GC invocations=66 (full 16):
 garbage-first heap   total 116736K, used 41423K [0x0000000084e00000, 0x0000000100000000)
  region size 1024K, 6 young (6144K), 3 survivors (3072K)
 Metaspace       used 85258K, committed 86464K, reserved 1179648K
  class space    used 10927K, committed 11584K, reserved 1048576K
}
Event: 1222.090 GC heap after
{Heap after GC invocations=67 (full 17):
 garbage-first heap   total 116736K, used 32919K [0x0000000084e00000, 0x0000000100000000)
  region size 1024K, 0 young (0K), 0 survivors (0K)
 Metaspace       used 85249K, committed 86464K, reserved 1179648K
  class space    used 10925K, committed 11584K, reserved 1048576K
}
Event: 1224.389 GC heap before
{Heap before GC invocations=67 (full 17):
 garbage-first heap   total 116736K, used 89239K [0x0000000084e00000, 0x0000000100000000)
  region size 1024K, 56 young (57344K), 0 survivors (0K)
 Metaspace       used 85472K, committed 86720K, reserved 1179648K
  class space    used 10945K, committed 11584K, reserved 1048576K
}
Event: 1224.411 GC heap after
{Heap after GC invocations=68 (full 17):
 garbage-first heap   total 116736K, used 37456K [0x0000000084e00000, 0x0000000100000000)
  region size 1024K, 5 young (5120K), 5 survivors (5120K)
 Metaspace       used 85472K, committed 86720K, reserved 1179648K
  class space    used 10945K, committed 11584K, reserved 1048576K
}
Event: 1225.030 GC heap before
{Heap before GC invocations=68 (full 17):
 garbage-first heap   total 116736K, used 90704K [0x0000000084e00000, 0x0000000100000000)
  region size 1024K, 57 young (58368K), 5 survivors (5120K)
 Metaspace       used 85766K, committed 87040K, reserved 1179648K
  class space    used 10962K, committed 11648K, reserved 1048576K
}
Event: 1225.038 GC heap after
{Heap after GC invocations=69 (full 17):
 garbage-first heap   total 116736K, used 39479K [0x0000000084e00000, 0x0000000100000000)
  region size 1024K, 3 young (3072K), 3 survivors (3072K)
 Metaspace       used 85766K, committed 87040K, reserved 1179648K
  class space    used 10962K, committed 11648K, reserved 1048576K
}
Event: 1284.573 GC heap before
{Heap before GC invocations=69 (full 17):
 garbage-first heap   total 116736K, used 44599K [0x0000000084e00000, 0x0000000100000000)
  region size 1024K, 9 young (9216K), 3 survivors (3072K)
 Metaspace       used 85820K, committed 87168K, reserved 1179648K
  class space    used 10964K, committed 11648K, reserved 1048576K
}
Event: 1284.768 GC heap after
{Heap after GC invocations=70 (full 18):
 garbage-first heap   total 116736K, used 33400K [0x0000000084e00000, 0x0000000100000000)
  region size 1024K, 0 young (0K), 0 survivors (0K)
 Metaspace       used 85811K, committed 87168K, reserved 1179648K
  class space    used 10962K, committed 11648K, reserved 1048576K
}
Event: 1286.108 GC heap before
{Heap before GC invocations=70 (full 18):
 garbage-first heap   total 116736K, used 90744K [0x0000000084e00000, 0x0000000100000000)
  region size 1024K, 56 young (57344K), 0 survivors (0K)
 Metaspace       used 86028K, committed 87296K, reserved 1179648K
  class space    used 10981K, committed 11648K, reserved 1048576K
}
Event: 1286.115 GC heap after
{Heap after GC invocations=71 (full 18):
 garbage-first heap   total 116736K, used 38130K [0x0000000084e00000, 0x0000000100000000)
  region size 1024K, 5 young (5120K), 5 survivors (5120K)
 Metaspace       used 86028K, committed 87296K, reserved 1179648K
  class space    used 10981K, committed 11648K, reserved 1048576K
}
Event: 1286.452 GC heap before
{Heap before GC invocations=71 (full 18):
 garbage-first heap   total 116736K, used 91378K [0x0000000084e00000, 0x0000000100000000)
  region size 1024K, 57 young (58368K), 5 survivors (5120K)
 Metaspace       used 86300K, committed 87552K, reserved 1179648K
  class space    used 10998K, committed 11648K, reserved 1048576K
}
Event: 1286.457 GC heap after
{Heap after GC invocations=72 (full 18):
 garbage-first heap   total 116736K, used 40209K [0x0000000084e00000, 0x0000000100000000)
  region size 1024K, 3 young (3072K), 3 survivors (3072K)
 Metaspace       used 86300K, committed 87552K, reserved 1179648K
  class space    used 10998K, committed 11648K, reserved 1048576K
}
Event: 1341.956 GC heap before
{Heap before GC invocations=72 (full 18):
 garbage-first heap   total 116736K, used 44305K [0x0000000084e00000, 0x0000000100000000)
  region size 1024K, 8 young (8192K), 3 survivors (3072K)
 Metaspace       used 86306K, committed 87616K, reserved 1179648K
  class space    used 10998K, committed 11648K, reserved 1048576K
}
Event: 1342.092 GC heap after
{Heap after GC invocations=73 (full 19):
 garbage-first heap   total 116736K, used 33429K [0x0000000084e00000, 0x0000000100000000)
  region size 1024K, 0 young (0K), 0 survivors (0K)
 Metaspace       used 86296K, committed 87616K, reserved 1179648K
  class space    used 10997K, committed 11648K, reserved 1048576K
}
Event: 1343.610 GC heap before
{Heap before GC invocations=73 (full 19):
 garbage-first heap   total 116736K, used 89749K [0x0000000084e00000, 0x0000000100000000)
  region size 1024K, 56 young (57344K), 0 survivors (0K)
 Metaspace       used 86587K, committed 87872K, reserved 1179648K
  class space    used 11016K, committed 11712K, reserved 1048576K
}
Event: 1343.618 GC heap after
{Heap after GC invocations=74 (full 19):
 garbage-first heap   total 116736K, used 38072K [0x0000000084e00000, 0x0000000100000000)
  region size 1024K, 5 young (5120K), 5 survivors (5120K)
 Metaspace       used 86587K, committed 87872K, reserved 1179648K
  class space    used 11016K, committed 11712K, reserved 1048576K
}
Event: 1344.342 GC heap before
{Heap before GC invocations=74 (full 19):
 garbage-first heap   total 116736K, used 91320K [0x0000000084e00000, 0x0000000100000000)
  region size 1024K, 57 young (58368K), 5 survivors (5120K)
 Metaspace       used 86871K, committed 88128K, reserved 1179648K
  class space    used 11033K, committed 11712K, reserved 1048576K
}
Event: 1344.362 GC heap after
{Heap after GC invocations=75 (full 19):
 garbage-first heap   total 116736K, used 40233K [0x0000000084e00000, 0x0000000100000000)
  region size 1024K, 3 young (3072K), 3 survivors (3072K)
 Metaspace       used 86871K, committed 88128K, reserved 1179648K
  class space    used 11033K, committed 11712K, reserved 1048576K
}
Event: 1346.846 GC heap before
{Heap before GC invocations=75 (full 19):
 garbage-first heap   total 116736K, used 44329K [0x0000000084e00000, 0x0000000100000000)
  region size 1024K, 8 young (8192K), 3 survivors (3072K)
 Metaspace       used 86878K, committed 88192K, reserved 1179648K
  class space    used 11033K, committed 11712K, reserved 1048576K
}
Event: 1346.996 GC heap after
{Heap after GC invocations=76 (full 20):
 garbage-first heap   total 116736K, used 33672K [0x0000000084e00000, 0x0000000100000000)
  region size 1024K, 0 young (0K), 0 survivors (0K)
 Metaspace       used 86869K, committed 88192K, reserved 1179648K
  class space    used 11032K, committed 11712K, reserved 1048576K
}

