# JRE version: OpenJDK Runtime Environment Temurin-17.0.8.1+1 (17.0.8.1+1) (build 17.0.8.1+1)
# Java VM: OpenJDK 64-Bit Server VM Temurin-17.0.8.1+1 (17.0.8.1+1, mixed mode, emulated-client, tiered, compressed oops, compressed class ptrs, g1 gc, linux-amd64)
GC Precious Log:
 CPUs: 8 total, 8 available
 Memory: 7873M
 Large Page Support: Disabled
 NUMA Support: Disabled
 Compressed Oops: Enabled (32-bit)
 Heap Region Size: 1M
 Heap Min Capacity: 8M
 Heap Initial Capacity: 124M
 Heap Max Capacity: 1G
 Pre-touch: Disabled
 Parallel Workers: 8
 Concurrent Workers: 2
 Concurrent Refinement Workers: 8
 Periodic GC: Disabled
Heap:
 garbage-first heap   total 89088K, used 54948K [0x00000000c0000000, 0x0000000100000000)
  region size 1024K, 15 young (15360K), 3 survivors (3072K)
 Metaspace       used 56227K, committed 56704K, reserved 1114112K
  class space    used 7253K, committed 7488K, reserved 1048576K
GC Heap History (20 events):
Event: 4.916 GC heap before
{Heap before GC invocations=11 (full 0):
 garbage-first heap   total 61440K, used 45891K [0x00000000c0000000, 0x0000000100000000)
  region size 1024K, 25 young (25600K), 3 survivors (3072K)
 Metaspace       used 42474K, committed 42944K, reserved 1114112K
  class space    used 5542K, committed 5760K, reserved 1048576K
}
Event: 4.921 GC heap after
{Heap after GC invocations=12 (full 0):
 garbage-first heap   total 61440K, used 28780K [0x00000000c0000000, 0x0000000100000000)
  region size 1024K, 4 young (4096K), 4 survivors (4096K)
 Metaspace       used 42474K, committed 42944K, reserved 1114112K
  class space    used 5542K, committed 5760K, reserved 1048576K
}
Event: 5.059 GC heap before
{Heap before GC invocations=12 (full 0):
 garbage-first heap   total 61440K, used 44140K [0x00000000c0000000, 0x0000000100000000)
  region size 1024K, 20 young (20480K), 4 survivors (4096K)
 Metaspace       used 45880K, committed 46336K, reserved 1114112K
  class space    used 5885K, committed 6144K, reserved 1048576K
}
Event: 5.063 GC heap after
{Heap after GC invocations=13 (full 0):
 garbage-first heap   total 73728K, used 32233K [0x00000000c0000000, 0x0000000100000000)
  region size 1024K, 3 young (3072K), 3 survivors (3072K)
 Metaspace       used 45880K, committed 46336K, reserved 1114112K
  class space    used 5885K, committed 6144K, reserved 1048576K
}
Event: 5.202 GC heap before
{Heap before GC invocations=13 (full 0):
 garbage-first heap   total 73728K, used 50665K [0x00000000c0000000, 0x0000000100000000)
  region size 1024K, 22 young (22528K), 3 survivors (3072K)
 Metaspace       used 48887K, committed 49344K, reserved 1114112K
  class space    used 6285K, committed 6464K, reserved 1048576K
}
Event: 5.205 GC heap after
{Heap after GC invocations=14 (full 0):
 garbage-first heap   total 73728K, used 33934K [0x00000000c0000000, 0x0000000100000000)
  region size 1024K, 2 young (2048K), 2 survivors (2048K)
 Metaspace       used 48887K, committed 49344K, reserved 1114112K
  class space    used 6285K, committed 6464K, reserved 1048576K
}
Event: 5.294 GC heap before
{Heap before GC invocations=14 (full 0):
 garbage-first heap   total 73728K, used 53390K [0x00000000c0000000, 0x0000000100000000)
  region size 1024K, 21 young (21504K), 2 survivors (2048K)
 Metaspace       used 49540K, committed 49984K, reserved 1114112K
  class space    used 6368K, committed 6592K, reserved 1048576K
}
Event: 5.298 GC heap after
{Heap after GC invocations=15 (full 0):
 garbage-first heap   total 73728K, used 35533K [0x00000000c0000000, 0x0000000100000000)
  region size 1024K, 2 young (2048K), 2 survivors (2048K)
 Metaspace       used 49540K, committed 49984K, reserved 1114112K
  class space    used 6368K, committed 6592K, reserved 1048576K
}
Event: 5.530 GC heap before
{Heap before GC invocations=16 (full 0):
 garbage-first heap   total 73728K, used 53965K [0x00000000c0000000, 0x0000000100000000)
  region size 1024K, 21 young (21504K), 2 survivors (2048K)
 Metaspace       used 52024K, committed 52480K, reserved 1114112K
  class space    used 6636K, committed 6848K, reserved 1048576K
}
Event: 5.535 GC heap after
{Heap after GC invocations=17 (full 0):
 garbage-first heap   total 73728K, used 37903K [0x00000000c0000000, 0x0000000100000000)
  region size 1024K, 3 young (3072K), 3 survivors (3072K)
 Metaspace       used 52024K, committed 52480K, reserved 1114112K
  class space    used 6636K, committed 6848K, reserved 1048576K
}
Event: 11.588 GC heap before
{Heap before GC invocations=17 (full 0):
 garbage-first heap   total 73728K, used 54287K [0x00000000c0000000, 0x0000000100000000)
  region size 1024K, 20 young (20480K), 3 survivors (3072K)
 Metaspace       used 54927K, committed 55424K, reserved 1114112K
  class space    used 7048K, committed 7296K, reserved 1048576K
}
Event: 11.603 GC heap after
{Heap after GC invocations=18 (full 0):
 garbage-first heap   total 73728K, used 40170K [0x00000000c0000000, 0x0000000100000000)
  region size 1024K, 3 young (3072K), 3 survivors (3072K)
 Metaspace       used 54927K, committed 55424K, reserved 1114112K
  class space    used 7048K, committed 7296K, reserved 1048576K
}
Event: 135.378 GC heap before
{Heap before GC invocations=19 (full 0):
 garbage-first heap   total 73728K, used 56554K [0x00000000c0000000, 0x0000000100000000)
  region size 1024K, 19 young (19456K), 3 survivors (3072K)
 Metaspace       used 55665K, committed 56128K, reserved 1114112K
  class space    used 7157K, committed 7360K, reserved 1048576K
}
Event: 135.383 GC heap after
{Heap after GC invocations=20 (full 0):
 garbage-first heap   total 89088K, used 40534K [0x00000000c0000000, 0x0000000100000000)
  region size 1024K, 2 young (2048K), 2 survivors (2048K)
 Metaspace       used 55665K, committed 56128K, reserved 1114112K
  class space    used 7157K, committed 7360K, reserved 1048576K
}
Event: 1415.580 GC heap before
{Heap before GC invocations=20 (full 0):
 garbage-first heap   total 89088K, used 66134K [0x00000000c0000000, 0x0000000100000000)
  region size 1024K, 28 young (28672K), 2 survivors (2048K)
 Metaspace       used 55748K, committed 56256K, reserved 1114112K
  class space    used 7181K, committed 7424K, reserved 1048576K
}
Event: 1415.587 GC heap after
{Heap after GC invocations=21 (full 0):
 garbage-first heap   total 89088K, used 41679K [0x00000000c0000000, 0x0000000100000000)
  region size 1024K, 3 young (3072K), 3 survivors (3072K)
 Metaspace       used 55748K, committed 56256K, reserved 1114112K
  class space    used 7181K, committed 7424K, reserved 1048576K
}
Event: 1416.041 GC heap before
{Heap before GC invocations=21 (full 0):
 garbage-first heap   total 89088K, used 68303K [0x00000000c0000000, 0x0000000100000000)
  region size 1024K, 30 young (30720K), 3 survivors (3072K)
 Metaspace       used 55800K, committed 56320K, reserved 1114112K
  class space    used 7192K, committed 7424K, reserved 1048576K
}
Event: 1416.048 GC heap after
{Heap after GC invocations=22 (full 0):
 garbage-first heap   total 89088K, used 42440K [0x00000000c0000000, 0x0000000100000000)
  region size 1024K, 3 young (3072K), 3 survivors (3072K)
 Metaspace       used 55800K, committed 56320K, reserved 1114112K
  class space    used 7192K, committed 7424K, reserved 1048576K
}
Event: 3905.596 GC heap before
{Heap before GC invocations=22 (full 0):
 garbage-first heap   total 89088K, used 69064K [0x00000000c0000000, 0x0000000100000000)
  region size 1024K, 30 young (30720K), 3 survivors (3072K)
 Metaspace       used 55894K, committed 56384K, reserved 1114112K
  class space    used 7208K, committed 7424K, reserved 1048576K
}
Event: 3905.600 GC heap after
{Heap after GC invocations=23 (full 0):
 garbage-first heap   total 89088K, used 43684K [0x00000000c0000000, 0x0000000100000000)
  region size 1024K, 3 young (3072K), 3 survivors (3072K)
 Metaspace       used 55894K, committed 56384K, reserved 1114112K
  class space    used 7208K, committed 7424K, reserved 1048576K
}

