# JRE version: OpenJDK Runtime Environment (17.0.8+7) (build 17.0.8+7-Debian-1deb12u1)
# Java VM: OpenJDK 64-Bit Server VM (17.0.8+7-Debian-1deb12u1, mixed mode, emulated-client, sharing, tiered, compressed oops, compressed class ptrs, g1 gc, linux-amd64)
GC Precious Log:
 CPUs: 8 total, 8 available
 Memory: 7873M
 Large Page Support: Disabled
 NUMA Support: Disabled
 Compressed Oops: Enabled (32-bit)
 Heap Region Size: 1M
 Heap Min Capacity: 8M
 Heap Initial Capacity: 124M
 Heap Max Capacity: 1G
 Pre-touch: Disabled
 Parallel Workers: 8
 Concurrent Workers: 2
 Concurrent Refinement Workers: 8
 Periodic GC: Disabled
Heap:
 garbage-first heap   total 83968K, used 46429K [0x00000000c0000000, 0x0000000100000000)
  region size 1024K, 7 young (7168K), 3 survivors (3072K)
 Metaspace       used 48873K, committed 49408K, reserved 1114112K
  class space    used 6395K, committed 6656K, reserved 1048576K
GC Heap History (20 events):
Event: 25.071 GC heap before
{Heap before GC invocations=6 (full 0):
 garbage-first heap   total 65536K, used 43892K [0x00000000c0000000, 0x0000000100000000)
  region size 1024K, 31 young (31744K), 8 survivors (8192K)
 Metaspace       used 30871K, committed 31296K, reserved 1114112K
  class space    used 4320K, committed 4480K, reserved 1048576K
}
Event: 25.097 GC heap after
{Heap after GC invocations=7 (full 0):
 garbage-first heap   total 65536K, used 22583K [0x00000000c0000000, 0x0000000100000000)
  region size 1024K, 3 young (3072K), 3 survivors (3072K)
 Metaspace       used 30871K, committed 31296K, reserved 1114112K
  class space    used 4320K, committed 4480K, reserved 1048576K
}
Event: 27.053 GC heap before
{Heap before GC invocations=7 (full 0):
 garbage-first heap   total 65536K, used 44087K [0x00000000c0000000, 0x0000000100000000)
  region size 1024K, 25 young (25600K), 3 survivors (3072K)
 Metaspace       used 34661K, committed 35008K, reserved 1114112K
  class space    used 4768K, committed 4928K, reserved 1048576K
}
Event: 27.057 GC heap after
{Heap after GC invocations=8 (full 0):
 garbage-first heap   total 65536K, used 24917K [0x00000000c0000000, 0x0000000100000000)
  region size 1024K, 4 young (4096K), 4 survivors (4096K)
 Metaspace       used 34661K, committed 35008K, reserved 1114112K
  class space    used 4768K, committed 4928K, reserved 1048576K
}
Event: 27.167 GC heap before
{Heap before GC invocations=8 (full 0):
 garbage-first heap   total 65536K, used 26965K [0x00000000c0000000, 0x0000000100000000)
  region size 1024K, 7 young (7168K), 4 survivors (4096K)
 Metaspace       used 35575K, committed 35968K, reserved 1114112K
  class space    used 4870K, committed 5056K, reserved 1048576K
}
Event: 27.171 GC heap after
{Heap after GC invocations=9 (full 0):
 garbage-first heap   total 65536K, used 25724K [0x00000000c0000000, 0x0000000100000000)
  region size 1024K, 1 young (1024K), 1 survivors (1024K)
 Metaspace       used 35575K, committed 35968K, reserved 1114112K
  class space    used 4870K, committed 5056K, reserved 1048576K
}
Event: 27.591 GC heap before
{Heap before GC invocations=10 (full 0):
 garbage-first heap   total 65536K, used 46204K [0x00000000c0000000, 0x0000000100000000)
  region size 1024K, 21 young (21504K), 1 survivors (1024K)
 Metaspace       used 39042K, committed 39488K, reserved 1114112K
  class space    used 5256K, committed 5440K, reserved 1048576K
}
Event: 27.595 GC heap after
{Heap after GC invocations=11 (full 0):
 garbage-first heap   total 65536K, used 33414K [0x00000000c0000000, 0x0000000100000000)
  region size 1024K, 3 young (3072K), 3 survivors (3072K)
 Metaspace       used 39042K, committed 39488K, reserved 1114112K
  class space    used 5256K, committed 5440K, reserved 1048576K
}
Event: 27.911 GC heap before
{Heap before GC invocations=12 (full 0):
 garbage-first heap   total 65536K, used 45702K [0x00000000c0000000, 0x0000000100000000)
  region size 1024K, 16 young (16384K), 3 survivors (3072K)
 Metaspace       used 42368K, committed 42880K, reserved 1114112K
  class space    used 5586K, committed 5824K, reserved 1048576K
}
Event: 27.914 GC heap after
{Heap after GC invocations=13 (full 0):
 garbage-first heap   total 65536K, used 34592K [0x00000000c0000000, 0x0000000100000000)
  region size 1024K, 1 young (1024K), 1 survivors (1024K)
 Metaspace       used 42368K, committed 42880K, reserved 1114112K
  class space    used 5586K, committed 5824K, reserved 1048576K
}
Event: 28.118 GC heap before
{Heap before GC invocations=13 (full 0):
 garbage-first heap   total 65536K, used 46880K [0x00000000c0000000, 0x0000000100000000)
  region size 1024K, 14 young (14336K), 1 survivors (1024K)
 Metaspace       used 43375K, committed 43840K, reserved 1114112K
  class space    used 5712K, committed 5952K, reserved 1048576K
}
Event: 28.121 GC heap after
{Heap after GC invocations=14 (full 0):
 garbage-first heap   total 78848K, used 35151K [0x00000000c0000000, 0x0000000100000000)
  region size 1024K, 2 young (2048K), 2 survivors (2048K)
 Metaspace       used 43375K, committed 43840K, reserved 1114112K
  class space    used 5712K, committed 5952K, reserved 1048576K
}
Event: 28.387 GC heap before
{Heap before GC invocations=15 (full 0):
 garbage-first heap   total 83968K, used 56655K [0x00000000c0000000, 0x0000000100000000)
  region size 1024K, 24 young (24576K), 2 survivors (2048K)
 Metaspace       used 44354K, committed 44864K, reserved 1114112K
  class space    used 5836K, committed 6080K, reserved 1048576K
}
Event: 28.409 GC heap after
{Heap after GC invocations=16 (full 0):
 garbage-first heap   total 83968K, used 37201K [0x00000000c0000000, 0x0000000100000000)
  region size 1024K, 3 young (3072K), 3 survivors (3072K)
 Metaspace       used 44354K, committed 44864K, reserved 1114112K
  class space    used 5836K, committed 6080K, reserved 1048576K
}
Event: 29.703 GC heap before
{Heap before GC invocations=16 (full 0):
 garbage-first heap   total 83968K, used 61777K [0x00000000c0000000, 0x0000000100000000)
  region size 1024K, 28 young (28672K), 3 survivors (3072K)
 Metaspace       used 47665K, committed 48128K, reserved 1114112K
  class space    used 6200K, committed 6400K, reserved 1048576K
}
Event: 29.707 GC heap after
{Heap after GC invocations=17 (full 0):
 garbage-first heap   total 83968K, used 38544K [0x00000000c0000000, 0x0000000100000000)
  region size 1024K, 4 young (4096K), 4 survivors (4096K)
 Metaspace       used 47665K, committed 48128K, reserved 1114112K
  class space    used 6200K, committed 6400K, reserved 1048576K
}
Event: 368.760 GC heap before
{Heap before GC invocations=17 (full 0):
 garbage-first heap   total 83968K, used 63120K [0x00000000c0000000, 0x0000000100000000)
  region size 1024K, 28 young (28672K), 4 survivors (4096K)
 Metaspace       used 48765K, committed 49216K, reserved 1114112K
  class space    used 6374K, committed 6592K, reserved 1048576K
}
Event: 368.779 GC heap after
{Heap after GC invocations=18 (full 0):
 garbage-first heap   total 83968K, used 40583K [0x00000000c0000000, 0x0000000100000000)
  region size 1024K, 4 young (4096K), 4 survivors (4096K)
 Metaspace       used 48765K, committed 49216K, reserved 1114112K
  class space    used 6374K, committed 6592K, reserved 1048576K
}
Event: 369.260 GC heap before
{Heap before GC invocations=18 (full 0):
 garbage-first heap   total 83968K, used 64135K [0x00000000c0000000, 0x0000000100000000)
  region size 1024K, 27 young (27648K), 4 survivors (4096K)
 Metaspace       used 48845K, committed 49280K, reserved 1114112K
  class space    used 6385K, committed 6592K, reserved 1048576K
}
Event: 369.267 GC heap after
{Heap after GC invocations=19 (full 0):
 garbage-first heap   total 83968K, used 43357K [0x00000000c0000000, 0x0000000100000000)
  region size 1024K, 3 young (3072K), 3 survivors (3072K)
 Metaspace       used 48845K, committed 49280K, reserved 1114112K
  class space    used 6385K, committed 6592K, reserved 1048576K
}

